Generated by Ctran from form.cat

LIBRARY form

********** form **********

********** scrlay **********
scrlay
        Derived from root
        Subclassed by prnlay
        Referenced by scrimg
prnlay
        Derived from scrlay,root
        Referenced by pages

********** scrimg **********
wrap
        Derived from active,root
        Referenced by scrimg
scrimg
        Derived from root
        References wrap,scrlay

********** epdoc **********
epfdoc
        Derived from epflat,eproot,root
        Referenced by pages
epdoc
        Derived from eproot,root
        References sgbuf,vaflat,vaflat

********** prdrv **********
wdr
        Derived from root
        References rscfile
        Referenced by printer
pdr
        Derived from root
        Subclassed by prvpdr
        Referenced by pages

********** pages **********
pages
        Derived from active,root
        References vaflat,vaseg,epfdoc,prnlay,pdr

********** printer **********
printer
        Derived from root
        References wdr

********** prvpdr **********
prvpdr
        Derived from pdr,root
        References root

********** calimg **********
calimg
        Derived from root

********** polytext **********
ptroot
        Derived from root
        Subclassed by ptflat,ptseg
ptseg
        Derived from ptroot,root
        References vaxvar
ptflat
        Derived from ptroot,root
