Generated by Ctran from olib.cat

LIBRARY olib

********** olib **********
root

********** varray **********
varoot
        Derived from root
        Subclassed by vastr,vafix
vafix
        Derived from varoot,root
        Subclassed by vaseg,vaflat
vaflat
        Derived from vafix,varoot,root
        Subclassed by vaxvar,vtab,cleanup
sgbuf
        Derived from root
        Referenced by vaseg,epseg
vaseg
        Derived from vafix,varoot,root
        References sgbuf
        Subclassed by vaxvars
vastr
        Derived from varoot,root
        Referenced by psel
vaxvar
        Derived from vaflat,vafix,varoot,root
        Subclassed by alarr,pselvar
vaxvars
        Derived from vaseg,vafix,varoot,root

********** appman **********
cleanup
        Derived from vaflat,vafix,varoot,root
        Referenced by appman
active
        Derived from root
        Subclassed by print,aidle,ipcs,timer,exopl,factive,voice,serial
aidle
        Derived from active,root
rscfile
        Derived from root
        Referenced by appman
system
        Derived from root
        Referenced by appman
ipcs
        Derived from active,root
        Subclassed by notify
        Referenced by appman
appman
        Derived from root
        References cleanup,system,rscfile,rscfile,ipcs

********** ipc **********
server
        Derived from root
        Subclassed by consol,toplip,linksv
linksv
        Derived from server,root
linkcl
        Derived from root
toplip
        Derived from server,root
exopl
        Derived from active,root
cmap
        Derived from root
        Referenced by consol
voice
        Derived from active,root
        References root
notify
        Derived from ipcs,active,root
consol
        Derived from server,root
        References cmap

********** factive **********
factive
        Derived from active,root
        Subclassed by fcasy,fmfmt,fscan,fmmk,fnode
fscan
        Derived from factive,active,root
        Subclassed by fmscan,psel
fnode
        Derived from factive,active,root
        Subclassed by pnode
pnode
        Derived from fnode,factive,active,root
        Referenced by psel
pselvar
        Derived from vaxvar,vaflat,vafix,varoot,root
        Referenced by psel
psel
        Derived from fscan,factive,active,root
        References pselvar,vastr,pnode
fcasy
        Derived from factive,active,root
        Subclassed by fmsrc,fmtarg,fcsync
fcsync
        Derived from fcasy,factive,active,root
fmmk
        Derived from factive,active,root
        Referenced by fman
fmsrc
        Derived from fcasy,factive,active,root
        Referenced by fman
fmtarg
        Derived from fcasy,factive,active,root
        Referenced by fman
fmfmt
        Derived from factive,active,root
        Referenced by fman
fmscan
        Derived from fscan,factive,active,root
        Referenced by fman
fman
        Derived from root
        References fmsrc,fmtarg,fmscan,fmmk,fmfmt
locs
        Derived from root

********** time **********
time
        Derived from root

********** timer **********
timer
        Derived from active,root
        Subclassed by animator,buzsnd
buzsnd
        Derived from timer,active,root
        References root
alarr
        Derived from vaxvar,vaflat,vafix,varoot,root
animator
        Derived from timer,active,root
        References root

********** tlvfile **********
bfile
        Derived from root
        Subclassed by tlvfile
tlvfile
        Derived from bfile,root
        Referenced by tlvdata
tlvdata
        Derived from root
        References tlvfile
        Subclassed by serfile
serfile
        Derived from tlvdata,root
print
        Derived from active,root
serial
        Derived from active,root

********** edit **********
eproot
        Derived from root
        Subclassed by epseg,epflat
epflat
        Derived from eproot,root
epseg
        Derived from eproot,root
        References sgbuf
vtab
        Derived from vaflat,vafix,varoot,root
